{"total": {"lines":{"total":5655,"covered":3657,"skipped":0,"pct":64.66},"statements":{"total":7072,"covered":4064,"skipped":0,"pct":57.46},"functions":{"total":1114,"covered":532,"skipped":0,"pct":47.75},"branches":{"total":3669,"covered":1351,"skipped":0,"pct":36.82},"branchesTrue":{"total":0,"covered":0,"skipped":0,"pct":100}}
,"/Users/awalehosman/Desktop/Projet Saas/compta/app/src/components/ui.tsx": {"lines":{"total":138,"covered":17,"skipped":0,"pct":12.31},"functions":{"total":60,"covered":14,"skipped":0,"pct":23.33},"statements":{"total":156,"covered":17,"skipped":0,"pct":10.89},"branches":{"total":144,"covered":27,"skipped":0,"pct":18.75}}
,"/Users/awalehosman/Desktop/Projet Saas/compta/app/src/i18n/index.ts": {"lines":{"total":21,"covered":8,"skipped":0,"pct":38.09},"functions":{"total":4,"covered":1,"skipped":0,"pct":25},"statements":{"total":21,"covered":8,"skipped":0,"pct":38.09},"branches":{"total":10,"covered":1,"skipped":0,"pct":10}}
,"/Users/awalehosman/Desktop/Projet Saas/compta/app/src/i18n/locales/ar/accounting.json": {"lines":{"total":95,"covered":95,"skipped":0,"pct":100},"functions":{"total":0,"covered":0,"skipped":0,"pct":100},"statements":{"total":95,"covered":95,"skipped":0,"pct":100},"branches":{"total":0,"covered":0,"skipped":0,"pct":100}}
,"/Users/awalehosman/Desktop/Projet Saas/compta/app/src/i18n/locales/ar/assets.json": {"lines":{"total":5,"covered":5,"skipped":0,"pct":100},"functions":{"total":0,"covered":0,"skipped":0,"pct":100},"statements":{"total":5,"covered":5,"skipped":0,"pct":100},"branches":{"total":0,"covered":0,"skipped":0,"pct":100}}
,"/Users/awalehosman/Desktop/Projet Saas/compta/app/src/i18n/locales/ar/auth.json": {"lines":{"total":5,"covered":5,"skipped":0,"pct":100},"functions":{"total":0,"covered":0,"skipped":0,"pct":100},"statements":{"total":5,"covered":5,"skipped":0,"pct":100},"branches":{"total":0,"covered":0,"skipped":0,"pct":100}}
,"/Users/awalehosman/Desktop/Projet Saas/compta/app/src/i18n/locales/ar/banking.json": {"lines":{"total":7,"covered":7,"skipped":0,"pct":100},"functions":{"total":0,"covered":0,"skipped":0,"pct":100},"statements":{"total":7,"covered":7,"skipped":0,"pct":100},"branches":{"total":0,"covered":0,"skipped":0,"pct":100}}
,"/Users/awalehosman/Desktop/Projet Saas/compta/app/src/i18n/locales/ar/common.json": {"lines":{"total":13,"covered":13,"skipped":0,"pct":100},"functions":{"total":0,"covered":0,"skipped":0,"pct":100},"statements":{"total":13,"covered":13,"skipped":0,"pct":100},"branches":{"total":0,"covered":0,"skipped":0,"pct":100}}
,"/Users/awalehosman/Desktop/Projet Saas/compta/app/src/i18n/locales/ar/errors.json": {"lines":{"total":5,"covered":5,"skipped":0,"pct":100},"functions":{"total":0,"covered":0,"skipped":0,"pct":100},"statements":{"total":5,"covered":5,"skipped":0,"pct":100},"branches":{"total":0,"covered":0,"skipped":0,"pct":100}}
,"/Users/awalehosman/Desktop/Projet Saas/compta/app/src/i18n/locales/ar/features.json": {"lines":{"total":8,"covered":8,"skipped":0,"pct":100},"functions":{"total":0,"covered":0,"skipped":0,"pct":100},"statements":{"total":8,"covered":8,"skipped":0,"pct":100},"branches":{"total":0,"covered":0,"skipped":0,"pct":100}}
,"/Users/awalehosman/Desktop/Projet Saas/compta/app/src/i18n/locales/ar/hr.json": {"lines":{"total":12,"covered":12,"skipped":0,"pct":100},"functions":{"total":0,"covered":0,"skipped":0,"pct":100},"statements":{"total":12,"covered":12,"skipped":0,"pct":100},"branches":{"total":0,"covered":0,"skipped":0,"pct":100}}
,"/Users/awalehosman/Desktop/Projet Saas/compta/app/src/i18n/locales/ar/nav.json": {"lines":{"total":7,"covered":7,"skipped":0,"pct":100},"functions":{"total":0,"covered":0,"skipped":0,"pct":100},"statements":{"total":7,"covered":7,"skipped":0,"pct":100},"branches":{"total":0,"covered":0,"skipped":0,"pct":100}}
,"/Users/awalehosman/Desktop/Projet Saas/compta/app/src/i18n/locales/ar/payroll.json": {"lines":{"total":10,"covered":10,"skipped":0,"pct":100},"functions":{"total":0,"covered":0,"skipped":0,"pct":100},"statements":{"total":10,"covered":10,"skipped":0,"pct":100},"branches":{"total":0,"covered":0,"skipped":0,"pct":100}}
,"/Users/awalehosman/Desktop/Projet Saas/compta/app/src/i18n/locales/ar/production.json": {"lines":{"total":17,"covered":17,"skipped":0,"pct":100},"functions":{"total":0,"covered":0,"skipped":0,"pct":100},"statements":{"total":17,"covered":17,"skipped":0,"pct":100},"branches":{"total":0,"covered":0,"skipped":0,"pct":100}}
,"/Users/awalehosman/Desktop/Projet Saas/compta/app/src/i18n/locales/ar/purchases.json": {"lines":{"total":10,"covered":10,"skipped":0,"pct":100},"functions":{"total":0,"covered":0,"skipped":0,"pct":100},"statements":{"total":10,"covered":10,"skipped":0,"pct":100},"branches":{"total":0,"covered":0,"skipped":0,"pct":100}}
,"/Users/awalehosman/Desktop/Projet Saas/compta/app/src/i18n/locales/ar/reports.json": {"lines":{"total":9,"covered":9,"skipped":0,"pct":100},"functions":{"total":0,"covered":0,"skipped":0,"pct":100},"statements":{"total":9,"covered":9,"skipped":0,"pct":100},"branches":{"total":0,"covered":0,"skipped":0,"pct":100}}
,"/Users/awalehosman/Desktop/Projet Saas/compta/app/src/i18n/locales/ar/sales.json": {"lines":{"total":14,"covered":14,"skipped":0,"pct":100},"functions":{"total":0,"covered":0,"skipped":0,"pct":100},"statements":{"total":14,"covered":14,"skipped":0,"pct":100},"branches":{"total":0,"covered":0,"skipped":0,"pct":100}}
,"/Users/awalehosman/Desktop/Projet Saas/compta/app/src/i18n/locales/ar/settings.json": {"lines":{"total":18,"covered":18,"skipped":0,"pct":100},"functions":{"total":0,"covered":0,"skipped":0,"pct":100},"statements":{"total":18,"covered":18,"skipped":0,"pct":100},"branches":{"total":0,"covered":0,"skipped":0,"pct":100}}
,"/Users/awalehosman/Desktop/Projet Saas/compta/app/src/i18n/locales/ar/stock.json": {"lines":{"total":18,"covered":18,"skipped":0,"pct":100},"functions":{"total":0,"covered":0,"skipped":0,"pct":100},"statements":{"total":18,"covered":18,"skipped":0,"pct":100},"branches":{"total":0,"covered":0,"skipped":0,"pct":100}}
,"/Users/awalehosman/Desktop/Projet Saas/compta/app/src/i18n/locales/ar/treasury.json": {"lines":{"total":12,"covered":12,"skipped":0,"pct":100},"functions":{"total":0,"covered":0,"skipped":0,"pct":100},"statements":{"total":12,"covered":12,"skipped":0,"pct":100},"branches":{"total":0,"covered":0,"skipped":0,"pct":100}}
,"/Users/awalehosman/Desktop/Projet Saas/compta/app/src/i18n/locales/en/accounting.json": {"lines":{"total":95,"covered":95,"skipped":0,"pct":100},"functions":{"total":0,"covered":0,"skipped":0,"pct":100},"statements":{"total":95,"covered":95,"skipped":0,"pct":100},"branches":{"total":0,"covered":0,"skipped":0,"pct":100}}
,"/Users/awalehosman/Desktop/Projet Saas/compta/app/src/i18n/locales/en/assets.json": {"lines":{"total":5,"covered":5,"skipped":0,"pct":100},"functions":{"total":0,"covered":0,"skipped":0,"pct":100},"statements":{"total":5,"covered":5,"skipped":0,"pct":100},"branches":{"total":0,"covered":0,"skipped":0,"pct":100}}
,"/Users/awalehosman/Desktop/Projet Saas/compta/app/src/i18n/locales/en/auth.json": {"lines":{"total":5,"covered":5,"skipped":0,"pct":100},"functions":{"total":0,"covered":0,"skipped":0,"pct":100},"statements":{"total":5,"covered":5,"skipped":0,"pct":100},"branches":{"total":0,"covered":0,"skipped":0,"pct":100}}
,"/Users/awalehosman/Desktop/Projet Saas/compta/app/src/i18n/locales/en/banking.json": {"lines":{"total":7,"covered":7,"skipped":0,"pct":100},"functions":{"total":0,"covered":0,"skipped":0,"pct":100},"statements":{"total":7,"covered":7,"skipped":0,"pct":100},"branches":{"total":0,"covered":0,"skipped":0,"pct":100}}
,"/Users/awalehosman/Desktop/Projet Saas/compta/app/src/i18n/locales/en/common.json": {"lines":{"total":13,"covered":13,"skipped":0,"pct":100},"functions":{"total":0,"covered":0,"skipped":0,"pct":100},"statements":{"total":13,"covered":13,"skipped":0,"pct":100},"branches":{"total":0,"covered":0,"skipped":0,"pct":100}}
,"/Users/awalehosman/Desktop/Projet Saas/compta/app/src/i18n/locales/en/errors.json": {"lines":{"total":5,"covered":5,"skipped":0,"pct":100},"functions":{"total":0,"covered":0,"skipped":0,"pct":100},"statements":{"total":5,"covered":5,"skipped":0,"pct":100},"branches":{"total":0,"covered":0,"skipped":0,"pct":100}}
,"/Users/awalehosman/Desktop/Projet Saas/compta/app/src/i18n/locales/en/features.json": {"lines":{"total":8,"covered":8,"skipped":0,"pct":100},"functions":{"total":0,"covered":0,"skipped":0,"pct":100},"statements":{"total":8,"covered":8,"skipped":0,"pct":100},"branches":{"total":0,"covered":0,"skipped":0,"pct":100}}
,"/Users/awalehosman/Desktop/Projet Saas/compta/app/src/i18n/locales/en/hr.json": {"lines":{"total":12,"covered":12,"skipped":0,"pct":100},"functions":{"total":0,"covered":0,"skipped":0,"pct":100},"statements":{"total":12,"covered":12,"skipped":0,"pct":100},"branches":{"total":0,"covered":0,"skipped":0,"pct":100}}
,"/Users/awalehosman/Desktop/Projet Saas/compta/app/src/i18n/locales/en/nav.json": {"lines":{"total":7,"covered":7,"skipped":0,"pct":100},"functions":{"total":0,"covered":0,"skipped":0,"pct":100},"statements":{"total":7,"covered":7,"skipped":0,"pct":100},"branches":{"total":0,"covered":0,"skipped":0,"pct":100}}
,"/Users/awalehosman/Desktop/Projet Saas/compta/app/src/i18n/locales/en/payroll.json": {"lines":{"total":10,"covered":10,"skipped":0,"pct":100},"functions":{"total":0,"covered":0,"skipped":0,"pct":100},"statements":{"total":10,"covered":10,"skipped":0,"pct":100},"branches":{"total":0,"covered":0,"skipped":0,"pct":100}}
,"/Users/awalehosman/Desktop/Projet Saas/compta/app/src/i18n/locales/en/production.json": {"lines":{"total":17,"covered":17,"skipped":0,"pct":100},"functions":{"total":0,"covered":0,"skipped":0,"pct":100},"statements":{"total":17,"covered":17,"skipped":0,"pct":100},"branches":{"total":0,"covered":0,"skipped":0,"pct":100}}
,"/Users/awalehosman/Desktop/Projet Saas/compta/app/src/i18n/locales/en/purchases.json": {"lines":{"total":10,"covered":10,"skipped":0,"pct":100},"functions":{"total":0,"covered":0,"skipped":0,"pct":100},"statements":{"total":10,"covered":10,"skipped":0,"pct":100},"branches":{"total":0,"covered":0,"skipped":0,"pct":100}}
,"/Users/awalehosman/Desktop/Projet Saas/compta/app/src/i18n/locales/en/reports.json": {"lines":{"total":9,"covered":9,"skipped":0,"pct":100},"functions":{"total":0,"covered":0,"skipped":0,"pct":100},"statements":{"total":9,"covered":9,"skipped":0,"pct":100},"branches":{"total":0,"covered":0,"skipped":0,"pct":100}}
,"/Users/awalehosman/Desktop/Projet Saas/compta/app/src/i18n/locales/en/sales.json": {"lines":{"total":14,"covered":14,"skipped":0,"pct":100},"functions":{"total":0,"covered":0,"skipped":0,"pct":100},"statements":{"total":14,"covered":14,"skipped":0,"pct":100},"branches":{"total":0,"covered":0,"skipped":0,"pct":100}}
,"/Users/awalehosman/Desktop/Projet Saas/compta/app/src/i18n/locales/en/settings.json": {"lines":{"total":18,"covered":18,"skipped":0,"pct":100},"functions":{"total":0,"covered":0,"skipped":0,"pct":100},"statements":{"total":18,"covered":18,"skipped":0,"pct":100},"branches":{"total":0,"covered":0,"skipped":0,"pct":100}}
,"/Users/awalehosman/Desktop/Projet Saas/compta/app/src/i18n/locales/en/stock.json": {"lines":{"total":18,"covered":18,"skipped":0,"pct":100},"functions":{"total":0,"covered":0,"skipped":0,"pct":100},"statements":{"total":18,"covered":18,"skipped":0,"pct":100},"branches":{"total":0,"covered":0,"skipped":0,"pct":100}}
,"/Users/awalehosman/Desktop/Projet Saas/compta/app/src/i18n/locales/en/treasury.json": {"lines":{"total":12,"covered":12,"skipped":0,"pct":100},"functions":{"total":0,"covered":0,"skipped":0,"pct":100},"statements":{"total":12,"covered":12,"skipped":0,"pct":100},"branches":{"total":0,"covered":0,"skipped":0,"pct":100}}
,"/Users/awalehosman/Desktop/Projet Saas/compta/app/src/i18n/locales/fr/accounting.json": {"lines":{"total":95,"covered":95,"skipped":0,"pct":100},"functions":{"total":0,"covered":0,"skipped":0,"pct":100},"statements":{"total":95,"covered":95,"skipped":0,"pct":100},"branches":{"total":0,"covered":0,"skipped":0,"pct":100}}
,"/Users/awalehosman/Desktop/Projet Saas/compta/app/src/i18n/locales/fr/assets.json": {"lines":{"total":5,"covered":5,"skipped":0,"pct":100},"functions":{"total":0,"covered":0,"skipped":0,"pct":100},"statements":{"total":5,"covered":5,"skipped":0,"pct":100},"branches":{"total":0,"covered":0,"skipped":0,"pct":100}}
,"/Users/awalehosman/Desktop/Projet Saas/compta/app/src/i18n/locales/fr/auth.json": {"lines":{"total":5,"covered":5,"skipped":0,"pct":100},"functions":{"total":0,"covered":0,"skipped":0,"pct":100},"statements":{"total":5,"covered":5,"skipped":0,"pct":100},"branches":{"total":0,"covered":0,"skipped":0,"pct":100}}
,"/Users/awalehosman/Desktop/Projet Saas/compta/app/src/i18n/locales/fr/banking.json": {"lines":{"total":7,"covered":7,"skipped":0,"pct":100},"functions":{"total":0,"covered":0,"skipped":0,"pct":100},"statements":{"total":7,"covered":7,"skipped":0,"pct":100},"branches":{"total":0,"covered":0,"skipped":0,"pct":100}}
,"/Users/awalehosman/Desktop/Projet Saas/compta/app/src/i18n/locales/fr/common.json": {"lines":{"total":13,"covered":13,"skipped":0,"pct":100},"functions":{"total":0,"covered":0,"skipped":0,"pct":100},"statements":{"total":13,"covered":13,"skipped":0,"pct":100},"branches":{"total":0,"covered":0,"skipped":0,"pct":100}}
,"/Users/awalehosman/Desktop/Projet Saas/compta/app/src/i18n/locales/fr/errors.json": {"lines":{"total":5,"covered":5,"skipped":0,"pct":100},"functions":{"total":0,"covered":0,"skipped":0,"pct":100},"statements":{"total":5,"covered":5,"skipped":0,"pct":100},"branches":{"total":0,"covered":0,"skipped":0,"pct":100}}
,"/Users/awalehosman/Desktop/Projet Saas/compta/app/src/i18n/locales/fr/features.json": {"lines":{"total":8,"covered":8,"skipped":0,"pct":100},"functions":{"total":0,"covered":0,"skipped":0,"pct":100},"statements":{"total":8,"covered":8,"skipped":0,"pct":100},"branches":{"total":0,"covered":0,"skipped":0,"pct":100}}
,"/Users/awalehosman/Desktop/Projet Saas/compta/app/src/i18n/locales/fr/hr.json": {"lines":{"total":12,"covered":12,"skipped":0,"pct":100},"functions":{"total":0,"covered":0,"skipped":0,"pct":100},"statements":{"total":12,"covered":12,"skipped":0,"pct":100},"branches":{"total":0,"covered":0,"skipped":0,"pct":100}}
,"/Users/awalehosman/Desktop/Projet Saas/compta/app/src/i18n/locales/fr/nav.json": {"lines":{"total":7,"covered":7,"skipped":0,"pct":100},"functions":{"total":0,"covered":0,"skipped":0,"pct":100},"statements":{"total":7,"covered":7,"skipped":0,"pct":100},"branches":{"total":0,"covered":0,"skipped":0,"pct":100}}
,"/Users/awalehosman/Desktop/Projet Saas/compta/app/src/i18n/locales/fr/payroll.json": {"lines":{"total":10,"covered":10,"skipped":0,"pct":100},"functions":{"total":0,"covered":0,"skipped":0,"pct":100},"statements":{"total":10,"covered":10,"skipped":0,"pct":100},"branches":{"total":0,"covered":0,"skipped":0,"pct":100}}
,"/Users/awalehosman/Desktop/Projet Saas/compta/app/src/i18n/locales/fr/production.json": {"lines":{"total":17,"covered":17,"skipped":0,"pct":100},"functions":{"total":0,"covered":0,"skipped":0,"pct":100},"statements":{"total":17,"covered":17,"skipped":0,"pct":100},"branches":{"total":0,"covered":0,"skipped":0,"pct":100}}
,"/Users/awalehosman/Desktop/Projet Saas/compta/app/src/i18n/locales/fr/purchases.json": {"lines":{"total":10,"covered":10,"skipped":0,"pct":100},"functions":{"total":0,"covered":0,"skipped":0,"pct":100},"statements":{"total":10,"covered":10,"skipped":0,"pct":100},"branches":{"total":0,"covered":0,"skipped":0,"pct":100}}
,"/Users/awalehosman/Desktop/Projet Saas/compta/app/src/i18n/locales/fr/reports.json": {"lines":{"total":9,"covered":9,"skipped":0,"pct":100},"functions":{"total":0,"covered":0,"skipped":0,"pct":100},"statements":{"total":9,"covered":9,"skipped":0,"pct":100},"branches":{"total":0,"covered":0,"skipped":0,"pct":100}}
,"/Users/awalehosman/Desktop/Projet Saas/compta/app/src/i18n/locales/fr/sales.json": {"lines":{"total":14,"covered":14,"skipped":0,"pct":100},"functions":{"total":0,"covered":0,"skipped":0,"pct":100},"statements":{"total":14,"covered":14,"skipped":0,"pct":100},"branches":{"total":0,"covered":0,"skipped":0,"pct":100}}
,"/Users/awalehosman/Desktop/Projet Saas/compta/app/src/i18n/locales/fr/settings.json": {"lines":{"total":18,"covered":18,"skipped":0,"pct":100},"functions":{"total":0,"covered":0,"skipped":0,"pct":100},"statements":{"total":18,"covered":18,"skipped":0,"pct":100},"branches":{"total":0,"covered":0,"skipped":0,"pct":100}}
,"/Users/awalehosman/Desktop/Projet Saas/compta/app/src/i18n/locales/fr/stock.json": {"lines":{"total":18,"covered":18,"skipped":0,"pct":100},"functions":{"total":0,"covered":0,"skipped":0,"pct":100},"statements":{"total":18,"covered":18,"skipped":0,"pct":100},"branches":{"total":0,"covered":0,"skipped":0,"pct":100}}
,"/Users/awalehosman/Desktop/Projet Saas/compta/app/src/i18n/locales/fr/treasury.json": {"lines":{"total":12,"covered":12,"skipped":0,"pct":100},"functions":{"total":0,"covered":0,"skipped":0,"pct":100},"statements":{"total":12,"covered":12,"skipped":0,"pct":100},"branches":{"total":0,"covered":0,"skipped":0,"pct":100}}
,"/Users/awalehosman/Desktop/Projet Saas/compta/app/src/lib/queries.ts": {"lines":{"total":4133,"covered":2544,"skipped":0,"pct":61.55},"functions":{"total":807,"covered":458,"skipped":0,"pct":56.75},"statements":{"total":5384,"covered":2903,"skipped":0,"pct":53.91},"branches":{"total":3184,"covered":1202,"skipped":0,"pct":37.75}}
,"/Users/awalehosman/Desktop/Projet Saas/compta/app/src/lib/utils.ts": {"lines":{"total":67,"covered":60,"skipped":0,"pct":89.55},"functions":{"total":16,"covered":13,"skipped":0,"pct":81.25},"statements":{"total":87,"covered":73,"skipped":0,"pct":83.9},"branches":{"total":47,"covered":37,"skipped":0,"pct":78.72}}
,"/Users/awalehosman/Desktop/Projet Saas/compta/app/src/pages/Phase6Pages.tsx": {"lines":{"total":501,"covered":233,"skipped":0,"pct":46.5},"functions":{"total":227,"covered":46,"skipped":0,"pct":20.26},"statements":{"total":629,"covered":268,"skipped":0,"pct":42.6},"branches":{"total":284,"covered":84,"skipped":0,"pct":29.57}}
}
